object: images	count: 8	size: 3.18MB	liveSize: 2.84MB
rss 2762.55 MBheapTotal 2106.5 MBheapUsed 1973.24 MBexternal 335 MB
}object: scripts	count: 4	size: 23.84MB	liveSize: 15.79MB
rss 2762.55 MBheapTotal 2106.5 MBheapUsed 1973.24 MBexternal 335 MB
}object: cssStyleSheets	count: 0	size: 0.00MB	liveSize: 0.00MB
rss 2762.55 MBheapTotal 2106.5 MBheapUsed 1973.24 MBexternal 335 MB
}object: xslStyleSheets	count: 0	size: 0.00MB	liveSize: 0.00MB
rss 2762.55 MBheapTotal 2106.5 MBheapUsed 1973.25 MBexternal 335 MB
}object: fonts	count: 29	size: 0.14MB	liveSize: 0.00MB
rss 2762.55 MBheapTotal 2106.5 MBheapUsed 1973.25 MBexternal 335 MB
}object: other	count: 0	size: 0.00MB	liveSize: 0.00MB
rss 2762.55 MBheapTotal 2106.5 MBheapUsed 1973.25 MBexternal 335 MB
}object: images	count: 8	size: 3.18MB	liveSize: 2.84MB
rss 2763.49 MBheapTotal 2106.5 MBheapUsed 1974.11 MBexternal 335 MB
}object: scripts	count: 4	size: 23.84MB	liveSize: 15.79MB
rss 2763.49 MBheapTotal 2106.5 MBheapUsed 1974.11 MBexternal 335 MB
}object: cssStyleSheets	count: 0	size: 0.00MB	liveSize: 0.00MB
rss 2763.49 MBheapTotal 2106.5 MBheapUsed 1974.12 MBexternal 335 MB
}object: xslStyleSheets	count: 0	size: 0.00MB	liveSize: 0.00MB
rss 2763.49 MBheapTotal 2106.5 MBheapUsed 1974.12 MBexternal 335 MB
}object: fonts	count: 29	size: 0.14MB	liveSize: 0.00MB
rss 2763.49 MBheapTotal 2106.5 MBheapUsed 1974.12 MBexternal 335 MB
}object: other	count: 0	size: 0.00MB	liveSize: 0.00MB
rss 2763.49 MBheapTotal 2106.5 MBheapUsed 1974.13 MBexternal 335 MB
}